[2025-11-17 16:41:30] ADD_EMPLOYEE: name=Raven, department=CCSIT, start_date=2005-09-29, hourly_rate=15
[2025-11-17 16:41:30] ADD_EMPLOYEE_SUCCESS: Raven
[2025-11-19 10:31:23] ADD_EMPLOYEE: name=Jasmine, department=DEPED, start_date=, hourly_rate=30
[2025-11-19 10:31:23] ADD_EMPLOYEE_SUCCESS: Jasmine
[2025-11-19 10:37:43] ADD_EMPLOYEE: name=Euniel Caguioa, department=TAGAY, start_date=2025-11-19, hourly_rate=1
[2025-11-19 10:37:43] ADD_EMPLOYEE_SUCCESS: Euniel Caguioa
[2025-11-19 14:49:21] ADD_EMPLOYEE: name=nelson, department=CCSIT, start_date=, hourly_rate=15
[2025-11-19 14:49:21] ADD_EMPLOYEE_SUCCESS: nelson
[2025-11-19 15:33:27] DELETE_USER: ID=1
[2025-11-19 15:33:47] ADD_EMPLOYEE: name=nelson, department=CCSIT, start_date=, hourly_rate=15
[2025-11-19 15:33:47] ADD_EMPLOYEE_SUCCESS: nelson
[2025-11-19 15:57:37] DELETE_TIME_ENTRY: ID=1
[2025-11-19 15:57:45] DELETE_TIME_ENTRY: ID=2
[2025-11-19 15:59:06] DELETE_TIME_ENTRY: ID=3
[2025-11-19 15:59:10] DELETE_TIME_ENTRY: ID=4
[2025-11-19 15:59:15] DELETE_TIME_ENTRY: ID=5
[2025-11-19 16:02:05] BULK_CLOCK_OUT: 1 entries updated
[2025-11-19 16:04:35] DELETE_TIME_ENTRY: ID=7
[2025-11-19 16:15:24] DELETE_TIME_ENTRY: ID=8
[2025-11-19 16:15:29] DELETE_TIME_ENTRY: ID=9
[2025-11-19 17:34:07] DELETE_PAYROLL: ID=24
[2025-11-19 17:35:18] DELETE_PAYROLL: ID=20
[2025-11-19 17:35:18] DELETE_PAYROLL: ID=20
[2025-11-19 17:35:21] DELETE_PAYROLL: ID=25
[2025-11-19 17:35:24] DELETE_PAYROLL: ID=17
[2025-11-19 17:35:28] DELETE_PAYROLL: ID=22
[2025-11-19 17:35:31] DELETE_PAYROLL: ID=18
[2025-11-19 17:35:35] DELETE_PAYROLL: ID=23
[2025-11-19 17:35:37] DELETE_PAYROLL: ID=16
[2025-11-19 17:35:39] DELETE_PAYROLL: ID=21
[2025-11-19 17:35:43] DELETE_PAYROLL: ID=19
[2025-11-19 17:42:14] DELETE_PAYROLL: ID=30
[2025-11-19 17:50:49] ADD_EMPLOYEE: name=jsb,ms, department=CCSIT, start_date=, hourly_rate=15
[2025-11-19 17:50:49] ADD_EMPLOYEE_SUCCESS: jsb,ms
[2025-11-20 00:56:32] DELETE_TIME_ENTRY: ID=15
[2025-11-20 00:56:37] DELETE_TIME_ENTRY: ID=14
[2025-11-20 00:56:47] DELETE_EMPLOYEE: ID=5
[2025-11-20 01:05:38] DELETE_TIME_ENTRY: ID=13
[2025-11-20 01:05:49] DELETE_EMPLOYEE: ID=5
[2025-11-20 01:05:52] DELETE_EMPLOYEE: ID=5
[2025-11-20 01:05:55] DELETE_EMPLOYEE: ID=5
[2025-11-20 01:05:58] DELETE_EMPLOYEE: ID=5
[2025-11-20 01:06:08] DELETE_EMPLOYEE: ID=4
[2025-11-20 01:06:13] DELETE_EMPLOYEE: ID=3
[2025-11-20 01:06:42] DELETE_PAYROLL: ID=27
[2025-11-20 01:06:49] DELETE_PAYROLL: ID=28
[2025-11-20 01:06:49] DELETE_PAYROLL: ID=28
[2025-11-20 01:07:25] DELETE_EMPLOYEE: ID=4
[2025-11-20 01:07:30] DELETE_EMPLOYEE: ID=2
[2025-11-20 01:12:58] EDIT_EMPLOYEE_SUCCESS: ID=3, name=Mike Johnson
[2025-11-20 01:40:25] DELETE_EMPLOYEE: ID=6
[2025-11-20 01:40:32] DELETE_EMPLOYEE: ID=6
[2025-11-20 01:49:46] DELETE_PAYROLL: ID=41
[2025-11-20 01:52:57] DELETE_EMPLOYEE: ID=1
[2025-11-20 01:53:00] DELETE_EMPLOYEE: ID=3
[2025-11-20 02:02:50] ADD_EMPLOYEE: name=nelson, department=CCSIT, start_date=2005-11-20, hourly_rate=100
[2025-11-20 02:02:50] ADD_EMPLOYEE_SUCCESS: nelson
[2025-11-20 02:41:26] EDIT_USER_SUCCESS: ID=1, username=admin
[2025-11-20 03:12:37] ADD_USER_SUCCESS: Lawrence
[2025-11-20 03:23:49] ADD_USER_SUCCESS: kyle
[2025-11-20 09:55:08] DELETE_PAYROLL: ID=42
[2025-11-20 09:55:19] DELETE_PAYROLL: ID=26
[2025-11-20 09:55:29] DELETE_PAYROLL: ID=31
[2025-11-20 10:03:24] DELETE_PAYROLL: ID=40
[2025-11-20 10:03:41] DELETE_PAYROLL: ID=29
[2025-11-20 10:03:50] DELETE_PAYROLL: ID=35
[2025-11-20 10:04:07] DELETE_PAYROLL: ID=33
[2025-11-20 10:04:19] DELETE_PAYROLL: ID=39
[2025-11-20 10:29:26] ADD_EMPLOYEE: name=Cille, department=CCSIT, start_date=2025-11-01, hourly_rate=15
[2025-11-20 10:29:26] ADD_EMPLOYEE_SUCCESS: Cille
[2025-11-20 21:14:27] DELETE_USER: ID=4
[2025-11-20 21:14:32] DELETE_USER: ID=2
[2025-11-20 21:14:37] DELETE_USER: ID=3
[2025-11-21 10:28:03] ADD_EMPLOYEE: name=Remart, department=CCSIT, start_date=2025-11-01, hourly_rate=67
[2025-11-21 10:28:03] ADD_EMPLOYEE_SUCCESS: Remart
[2025-11-21 21:46:37] DELETE_PAYROLL: ID=56
[2025-11-21 23:07:03] ADD_EMPLOYEE: name=Raven, department=dzn, start_date=, hourly_rate=15
[2025-11-21 23:07:03] ADD_EMPLOYEE_SUCCESS: Raven
[2025-11-21 23:44:19] EDIT_PAYROLL_SUCCESS: ID=57
[2025-11-22 00:13:21] BULK_CLOCK_OUT: 0 entries updated
[2025-11-22 00:13:30] BULK_CLOCK_OUT: 0 entries updated
[2025-11-22 00:33:47] ADD_EMPLOYEE: name=JamesKyle Miot, department=CCSIT, start_date=, hourly_rate=100
[2025-11-22 00:33:47] ADD_EMPLOYEE_SUCCESS: JamesKyle Miot
[2025-11-22 00:37:07] ADD_TIME_ENTRY_SUCCESS: employee_id=8, date=2025-11-23
[2025-11-22 00:44:22] DELETE_EMPLOYEE: ID=1
[2025-11-22 00:48:40] DELETE_EMPLOYEE: ID=5
